{"E:\\www\\rocketseat\\git\\gobarber-2-backend\\src\\modules\\appointments\\services\\CreateAppointmentService.ts": {"path":"E:\\www\\rocketseat\\git\\gobarber-2-backend\\src\\modules\\appointments\\services\\CreateAppointmentService.ts","statementMap":{"0":{"start":{"line":2,"column":0},"end":{"line":2,"column":47}},"1":{"start":{"line":3,"column":0},"end":{"line":3,"column":39}},"2":{"start":{"line":4,"column":0},"end":{"line":4,"column":46}},"3":{"start":{"line":14,"column":0},"end":{"line":14,"column":6}},"4":{"start":{"line":17,"column":12},"end":{"line":17,"column":59}},"5":{"start":{"line":20,"column":15},"end":{"line":37,"column":null}},"6":{"start":{"line":20,"column":25},"end":{"line":20,"column":36}},"7":{"start":{"line":20,"column":38},"end":{"line":20,"column":42}},"8":{"start":{"line":21,"column":10},"end":{"line":21,"column":46}},"9":{"start":{"line":23,"column":38},"end":{"line":25,"column":null}},"10":{"start":{"line":23,"column":10},"end":{"line":25,"column":null}},"11":{"start":{"line":27,"column":4},"end":{"line":29,"column":null}},"12":{"start":{"line":28,"column":6},"end":{"line":28,"column":63}},"13":{"start":{"line":31,"column":24},"end":{"line":34,"column":null}},"14":{"start":{"line":31,"column":10},"end":{"line":34,"column":null}},"15":{"start":{"line":36,"column":4},"end":{"line":36,"column":23}},"16":{"start":{"line":14,"column":6},"end":{"line":38,"column":null}},"17":{"start":{"line":38,"column":0},"end":{"line":38,"column":null}},"18":{"start":{"line":40,"column":0},"end":{"line":40,"column":40}}},"fnMap":{"0":{"name":"(anonymous_18)","decl":{"start":{"line":14,"column":0},"end":{"line":14,"column":6}},"loc":{"start":{"line":14,"column":0},"end":{"line":14,"column":6}}},"1":{"name":"CreateAppointmentService","decl":{"start":{"line":15,"column":2},"end":{"line":15,"column":null}},"loc":{"start":{"line":17,"column":59},"end":{"line":18,"column":6}}},"2":{"name":"(anonymous_20)","decl":{"start":{"line":20,"column":2},"end":{"line":20,"column":15}},"loc":{"start":{"line":20,"column":54},"end":{"line":37,"column":null}}}},"branchMap":{"0":{"loc":{"start":{"line":27,"column":4},"end":{"line":29,"column":null}},"type":"if","locations":[{"start":{"line":27,"column":4},"end":{"line":29,"column":null}},{"start":{"line":27,"column":4},"end":{"line":29,"column":null}}]}},"s":{"0":1,"1":1,"2":1,"3":1,"4":2,"5":1,"6":3,"7":3,"8":3,"9":3,"10":3,"11":3,"12":1,"13":2,"14":2,"15":2,"16":1,"17":1,"18":1},"f":{"0":1,"1":2,"2":3},"b":{"0":[1,2]}}
,"E:\\www\\rocketseat\\git\\gobarber-2-backend\\src\\modules\\users\\services\\AuthenticateUserService.ts": {"path":"E:\\www\\rocketseat\\git\\gobarber-2-backend\\src\\modules\\users\\services\\AuthenticateUserService.ts","statementMap":{"0":{"start":{"line":1,"column":0},"end":{"line":1,"column":38}},"1":{"start":{"line":5,"column":0},"end":{"line":5,"column":47}},"2":{"start":{"line":6,"column":0},"end":{"line":6,"column":36}},"3":{"start":{"line":7,"column":0},"end":{"line":7,"column":46}},"4":{"start":{"line":20,"column":0},"end":{"line":20,"column":6}},"5":{"start":{"line":23,"column":12},"end":{"line":23,"column":45}},"6":{"start":{"line":26,"column":12},"end":{"line":26,"column":39}},"7":{"start":{"line":29,"column":15},"end":{"line":53,"column":null}},"8":{"start":{"line":29,"column":25},"end":{"line":29,"column":30}},"9":{"start":{"line":29,"column":32},"end":{"line":29,"column":40}},"10":{"start":{"line":30,"column":17},"end":{"line":30,"column":null}},"11":{"start":{"line":30,"column":10},"end":{"line":30,"column":null}},"12":{"start":{"line":32,"column":4},"end":{"line":34,"column":null}},"13":{"start":{"line":33,"column":6},"end":{"line":33,"column":70}},"14":{"start":{"line":36,"column":28},"end":{"line":39,"column":null}},"15":{"start":{"line":36,"column":10},"end":{"line":39,"column":null}},"16":{"start":{"line":41,"column":4},"end":{"line":43,"column":null}},"17":{"start":{"line":42,"column":6},"end":{"line":42,"column":70}},"18":{"start":{"line":45,"column":10},"end":{"line":45,"column":34}},"19":{"start":{"line":47,"column":10},"end":{"line":50,"column":7}},"20":{"start":{"line":52,"column":4},"end":{"line":52,"column":27}},"21":{"start":{"line":20,"column":6},"end":{"line":54,"column":null}},"22":{"start":{"line":54,"column":0},"end":{"line":54,"column":null}},"23":{"start":{"line":56,"column":0},"end":{"line":56,"column":39}}},"fnMap":{"0":{"name":"(anonymous_18)","decl":{"start":{"line":20,"column":0},"end":{"line":20,"column":6}},"loc":{"start":{"line":20,"column":0},"end":{"line":20,"column":6}}},"1":{"name":"AuthenticateUserService","decl":{"start":{"line":21,"column":2},"end":{"line":21,"column":null}},"loc":{"start":{"line":26,"column":39},"end":{"line":27,"column":6}}},"2":{"name":"(anonymous_20)","decl":{"start":{"line":29,"column":2},"end":{"line":29,"column":15}},"loc":{"start":{"line":29,"column":52},"end":{"line":53,"column":null}}}},"branchMap":{"0":{"loc":{"start":{"line":30,"column":17},"end":{"line":30,"column":null}},"type":"switch","locations":[{"start":{"line":30,"column":17},"end":{"line":30,"column":null}}]},"1":{"loc":{"start":{"line":32,"column":4},"end":{"line":34,"column":null}},"type":"if","locations":[{"start":{"line":32,"column":4},"end":{"line":34,"column":null}},{"start":{"line":32,"column":4},"end":{"line":34,"column":null}}]},"2":{"loc":{"start":{"line":41,"column":4},"end":{"line":43,"column":null}},"type":"if","locations":[{"start":{"line":41,"column":4},"end":{"line":43,"column":null}},{"start":{"line":41,"column":4},"end":{"line":43,"column":null}}]}},"s":{"0":1,"1":1,"2":1,"3":1,"4":1,"5":3,"6":3,"7":1,"8":3,"9":3,"10":3,"11":3,"12":3,"13":1,"14":2,"15":2,"16":2,"17":1,"18":1,"19":1,"20":1,"21":1,"22":1,"23":1},"f":{"0":1,"1":3,"2":3},"b":{"0":[3],"1":[1,2],"2":[1,1]}}
,"E:\\www\\rocketseat\\git\\gobarber-2-backend\\src\\modules\\users\\services\\CreateUserService.ts": {"path":"E:\\www\\rocketseat\\git\\gobarber-2-backend\\src\\modules\\users\\services\\CreateUserService.ts","statementMap":{"0":{"start":{"line":4,"column":0},"end":{"line":4,"column":47}},"1":{"start":{"line":5,"column":0},"end":{"line":5,"column":46}},"2":{"start":{"line":14,"column":0},"end":{"line":14,"column":6}},"3":{"start":{"line":17,"column":12},"end":{"line":17,"column":45}},"4":{"start":{"line":20,"column":12},"end":{"line":20,"column":39}},"5":{"start":{"line":23,"column":15},"end":{"line":39,"column":null}},"6":{"start":{"line":23,"column":25},"end":{"line":23,"column":29}},"7":{"start":{"line":23,"column":31},"end":{"line":23,"column":36}},"8":{"start":{"line":23,"column":38},"end":{"line":23,"column":46}},"9":{"start":{"line":24,"column":28},"end":{"line":24,"column":null}},"10":{"start":{"line":24,"column":10},"end":{"line":24,"column":null}},"11":{"start":{"line":26,"column":4},"end":{"line":28,"column":null}},"12":{"start":{"line":27,"column":6},"end":{"line":27,"column":55}},"13":{"start":{"line":30,"column":27},"end":{"line":30,"column":null}},"14":{"start":{"line":30,"column":10},"end":{"line":30,"column":null}},"15":{"start":{"line":32,"column":17},"end":{"line":36,"column":null}},"16":{"start":{"line":32,"column":10},"end":{"line":36,"column":null}},"17":{"start":{"line":38,"column":4},"end":{"line":38,"column":16}},"18":{"start":{"line":14,"column":6},"end":{"line":40,"column":null}},"19":{"start":{"line":40,"column":0},"end":{"line":40,"column":null}},"20":{"start":{"line":42,"column":0},"end":{"line":42,"column":33}}},"fnMap":{"0":{"name":"(anonymous_18)","decl":{"start":{"line":14,"column":0},"end":{"line":14,"column":6}},"loc":{"start":{"line":14,"column":0},"end":{"line":14,"column":6}}},"1":{"name":"CreateUserService","decl":{"start":{"line":15,"column":2},"end":{"line":15,"column":null}},"loc":{"start":{"line":20,"column":39},"end":{"line":21,"column":6}}},"2":{"name":"(anonymous_20)","decl":{"start":{"line":23,"column":2},"end":{"line":23,"column":15}},"loc":{"start":{"line":23,"column":58},"end":{"line":39,"column":null}}}},"branchMap":{"0":{"loc":{"start":{"line":24,"column":28},"end":{"line":24,"column":null}},"type":"switch","locations":[{"start":{"line":24,"column":28},"end":{"line":24,"column":null}}]},"1":{"loc":{"start":{"line":26,"column":4},"end":{"line":28,"column":null}},"type":"if","locations":[{"start":{"line":26,"column":4},"end":{"line":28,"column":null}},{"start":{"line":26,"column":4},"end":{"line":28,"column":null}}]}},"s":{"0":2,"1":2,"2":2,"3":4,"4":4,"5":2,"6":5,"7":5,"8":5,"9":5,"10":5,"11":5,"12":1,"13":4,"14":4,"15":4,"16":4,"17":4,"18":2,"19":2,"20":2},"f":{"0":2,"1":4,"2":5},"b":{"0":[5],"1":[1,4]}}
,"E:\\www\\rocketseat\\git\\gobarber-2-backend\\src\\modules\\users\\services\\UpdateUserAvatarService.ts": {"path":"E:\\www\\rocketseat\\git\\gobarber-2-backend\\src\\modules\\users\\services\\UpdateUserAvatarService.ts","statementMap":{"0":{"start":{"line":4,"column":0},"end":{"line":4,"column":47}},"1":{"start":{"line":5,"column":0},"end":{"line":5,"column":46}},"2":{"start":{"line":13,"column":0},"end":{"line":13,"column":6}},"3":{"start":{"line":16,"column":12},"end":{"line":16,"column":45}},"4":{"start":{"line":19,"column":12},"end":{"line":19,"column":45}},"5":{"start":{"line":22,"column":15},"end":{"line":39,"column":null}},"6":{"start":{"line":22,"column":25},"end":{"line":22,"column":32}},"7":{"start":{"line":22,"column":34},"end":{"line":22,"column":48}},"8":{"start":{"line":23,"column":17},"end":{"line":23,"column":null}},"9":{"start":{"line":23,"column":10},"end":{"line":23,"column":null}},"10":{"start":{"line":25,"column":4},"end":{"line":27,"column":null}},"11":{"start":{"line":26,"column":6},"end":{"line":26,"column":76}},"12":{"start":{"line":29,"column":8},"end":{"line":29,"column":12}},"13":{"start":{"line":30,"column":6},"end":{"line":30,"column":57}},"14":{"start":{"line":33,"column":21},"end":{"line":33,"column":null}},"15":{"start":{"line":33,"column":10},"end":{"line":33,"column":null}},"16":{"start":{"line":35,"column":4},"end":{"line":35,"column":27}},"17":{"start":{"line":36,"column":4},"end":{"line":36,"column":42}},"18":{"start":{"line":38,"column":4},"end":{"line":38,"column":16}},"19":{"start":{"line":13,"column":6},"end":{"line":40,"column":null}},"20":{"start":{"line":40,"column":0},"end":{"line":40,"column":null}},"21":{"start":{"line":42,"column":0},"end":{"line":42,"column":39}}},"fnMap":{"0":{"name":"(anonymous_18)","decl":{"start":{"line":13,"column":0},"end":{"line":13,"column":6}},"loc":{"start":{"line":13,"column":0},"end":{"line":13,"column":6}}},"1":{"name":"UpdateUserAvatarService","decl":{"start":{"line":14,"column":2},"end":{"line":14,"column":null}},"loc":{"start":{"line":19,"column":45},"end":{"line":20,"column":6}}},"2":{"name":"(anonymous_20)","decl":{"start":{"line":22,"column":2},"end":{"line":22,"column":15}},"loc":{"start":{"line":22,"column":60},"end":{"line":39,"column":null}}}},"branchMap":{"0":{"loc":{"start":{"line":23,"column":17},"end":{"line":23,"column":null}},"type":"switch","locations":[{"start":{"line":23,"column":17},"end":{"line":23,"column":null}},{"start":{"line":33,"column":21},"end":{"line":33,"column":null}}]},"1":{"loc":{"start":{"line":25,"column":4},"end":{"line":27,"column":null}},"type":"if","locations":[{"start":{"line":25,"column":4},"end":{"line":27,"column":null}},{"start":{"line":25,"column":4},"end":{"line":27,"column":null}}]},"2":{"loc":{"start":{"line":29,"column":8},"end":{"line":29,"column":12}},"type":"if","locations":[{"start":{"line":29,"column":8},"end":{"line":29,"column":12}},{"start":{"line":29,"column":8},"end":{"line":29,"column":12}}]}},"s":{"0":1,"1":1,"2":1,"3":3,"4":3,"5":1,"6":4,"7":4,"8":4,"9":4,"10":4,"11":1,"12":5,"13":2,"14":3,"15":3,"16":3,"17":6,"18":3,"19":1,"20":1,"21":1},"f":{"0":1,"1":3,"2":4},"b":{"0":[4,3],"1":[1,3],"2":[2,1]}}
}
