{"E:\\www\\rocketseat\\git\\gobarber-2-backend\\src\\modules\\appointments\\services\\CreateAppointmentService.ts": {"path":"E:\\www\\rocketseat\\git\\gobarber-2-backend\\src\\modules\\appointments\\services\\CreateAppointmentService.ts","statementMap":{"0":{"start":{"line":2,"column":0},"end":{"line":2,"column":47}},"1":{"start":{"line":3,"column":0},"end":{"line":3,"column":59}},"2":{"start":{"line":4,"column":0},"end":{"line":4,"column":46}},"3":{"start":{"line":15,"column":0},"end":{"line":15,"column":6}},"4":{"start":{"line":18,"column":12},"end":{"line":18,"column":59}},"5":{"start":{"line":21,"column":15},"end":{"line":57,"column":null}},"6":{"start":{"line":22,"column":4},"end":{"line":22,"column":15}},"7":{"start":{"line":23,"column":4},"end":{"line":23,"column":11}},"8":{"start":{"line":24,"column":4},"end":{"line":24,"column":8}},"9":{"start":{"line":26,"column":10},"end":{"line":26,"column":46}},"10":{"start":{"line":28,"column":4},"end":{"line":30,"column":null}},"11":{"start":{"line":29,"column":6},"end":{"line":29,"column":75}},"12":{"start":{"line":32,"column":4},"end":{"line":34,"column":null}},"13":{"start":{"line":33,"column":6},"end":{"line":33,"column":74}},"14":{"start":{"line":36,"column":4},"end":{"line":40,"column":null}},"15":{"start":{"line":37,"column":6},"end":{"line":39,"column":8}},"16":{"start":{"line":42,"column":38},"end":{"line":44,"column":null}},"17":{"start":{"line":42,"column":10},"end":{"line":44,"column":null}},"18":{"start":{"line":46,"column":4},"end":{"line":48,"column":null}},"19":{"start":{"line":47,"column":6},"end":{"line":47,"column":63}},"20":{"start":{"line":50,"column":24},"end":{"line":54,"column":null}},"21":{"start":{"line":50,"column":10},"end":{"line":54,"column":null}},"22":{"start":{"line":56,"column":4},"end":{"line":56,"column":23}},"23":{"start":{"line":15,"column":6},"end":{"line":58,"column":null}},"24":{"start":{"line":58,"column":0},"end":{"line":58,"column":null}},"25":{"start":{"line":60,"column":0},"end":{"line":60,"column":40}}},"fnMap":{"0":{"name":"(anonymous_18)","decl":{"start":{"line":15,"column":0},"end":{"line":15,"column":6}},"loc":{"start":{"line":15,"column":0},"end":{"line":15,"column":6}}},"1":{"name":"CreateAppointmentService","decl":{"start":{"line":16,"column":2},"end":{"line":16,"column":null}},"loc":{"start":{"line":18,"column":59},"end":{"line":19,"column":6}}},"2":{"name":"(anonymous_20)","decl":{"start":{"line":21,"column":2},"end":{"line":21,"column":15}},"loc":{"start":{"line":25,"column":13},"end":{"line":57,"column":null}}}},"branchMap":{"0":{"loc":{"start":{"line":28,"column":4},"end":{"line":30,"column":null}},"type":"if","locations":[{"start":{"line":28,"column":4},"end":{"line":30,"column":null}},{"start":{"line":28,"column":4},"end":{"line":30,"column":null}}]},"1":{"loc":{"start":{"line":32,"column":4},"end":{"line":34,"column":null}},"type":"if","locations":[{"start":{"line":32,"column":4},"end":{"line":34,"column":null}},{"start":{"line":32,"column":4},"end":{"line":34,"column":null}}]},"2":{"loc":{"start":{"line":36,"column":4},"end":{"line":40,"column":null}},"type":"if","locations":[{"start":{"line":36,"column":4},"end":{"line":40,"column":null}},{"start":{"line":36,"column":4},"end":{"line":40,"column":null}}]},"3":{"loc":{"start":{"line":36,"column":8},"end":{"line":36,"column":37}},"type":"binary-expr","locations":[{"start":{"line":36,"column":8},"end":{"line":36,"column":37}},{"start":{"line":36,"column":41},"end":{"line":36,"column":71}}]},"4":{"loc":{"start":{"line":46,"column":4},"end":{"line":48,"column":null}},"type":"if","locations":[{"start":{"line":46,"column":4},"end":{"line":48,"column":null}},{"start":{"line":46,"column":4},"end":{"line":48,"column":null}}]}},"s":{"0":1,"1":1,"2":1,"3":1,"4":5,"5":1,"6":7,"7":7,"8":7,"9":7,"10":7,"11":1,"12":6,"13":1,"14":5,"15":2,"16":3,"17":3,"18":3,"19":1,"20":2,"21":2,"22":2,"23":1,"24":1,"25":1},"f":{"0":1,"1":5,"2":7},"b":{"0":[1,6],"1":[1,5],"2":[2,3],"3":[5,4],"4":[1,2]}}
,"E:\\www\\rocketseat\\git\\gobarber-2-backend\\src\\modules\\appointments\\services\\ListProviderDayAvailabilityService.ts": {"path":"E:\\www\\rocketseat\\git\\gobarber-2-backend\\src\\modules\\appointments\\services\\ListProviderDayAvailabilityService.ts","statementMap":{"0":{"start":{"line":2,"column":0},"end":{"line":2,"column":45}},"1":{"start":{"line":3,"column":0},"end":{"line":3,"column":46}},"2":{"start":{"line":18,"column":0},"end":{"line":18,"column":6}},"3":{"start":{"line":21,"column":12},"end":{"line":21,"column":59}},"4":{"start":{"line":24,"column":15},"end":{"line":62,"column":null}},"5":{"start":{"line":25,"column":4},"end":{"line":25,"column":15}},"6":{"start":{"line":26,"column":4},"end":{"line":26,"column":8}},"7":{"start":{"line":27,"column":4},"end":{"line":27,"column":9}},"8":{"start":{"line":28,"column":4},"end":{"line":28,"column":7}},"9":{"start":{"line":30,"column":25},"end":{"line":37,"column":null}},"10":{"start":{"line":30,"column":10},"end":{"line":37,"column":null}},"11":{"start":{"line":39,"column":10},"end":{"line":39,"column":24}},"12":{"start":{"line":41,"column":10},"end":{"line":44,"column":6}},"13":{"start":{"line":43,"column":20},"end":{"line":43,"column":null}},"14":{"start":{"line":46,"column":10},"end":{"line":46,"column":45}},"15":{"start":{"line":48,"column":10},"end":{"line":59,"column":7}},"16":{"start":{"line":49,"column":35},"end":{"line":50,"column":null}},"17":{"start":{"line":50,"column":23},"end":{"line":50,"column":null}},"18":{"start":{"line":53,"column":26},"end":{"line":53,"column":62}},"19":{"start":{"line":55,"column":6},"end":{"line":58,"column":8}},"20":{"start":{"line":61,"column":4},"end":{"line":61,"column":24}},"21":{"start":{"line":18,"column":6},"end":{"line":63,"column":null}},"22":{"start":{"line":63,"column":0},"end":{"line":63,"column":null}},"23":{"start":{"line":65,"column":0},"end":{"line":65,"column":50}}},"fnMap":{"0":{"name":"(anonymous_17)","decl":{"start":{"line":18,"column":0},"end":{"line":18,"column":6}},"loc":{"start":{"line":18,"column":0},"end":{"line":18,"column":6}}},"1":{"name":"ListProviderDayAvailabilityService","decl":{"start":{"line":19,"column":2},"end":{"line":19,"column":null}},"loc":{"start":{"line":21,"column":59},"end":{"line":22,"column":6}}},"2":{"name":"(anonymous_19)","decl":{"start":{"line":24,"column":2},"end":{"line":24,"column":15}},"loc":{"start":{"line":29,"column":13},"end":{"line":62,"column":null}}},"3":{"name":"(anonymous_22)","decl":{"start":{"line":43,"column":6},"end":{"line":43,"column":7}},"loc":{"start":{"line":43,"column":15},"end":{"line":43,"column":25}}},"4":{"name":"(anonymous_23)","decl":{"start":{"line":48,"column":43},"end":{"line":48,"column":47}},"loc":{"start":{"line":48,"column":47},"end":{"line":59,"column":5}}},"5":{"name":"(anonymous_24)","decl":{"start":{"line":50,"column":8},"end":{"line":50,"column":19}},"loc":{"start":{"line":50,"column":19},"end":{"line":50,"column":31}}}},"branchMap":{"0":{"loc":{"start":{"line":30,"column":25},"end":{"line":37,"column":null}},"type":"switch","locations":[{"start":{"line":30,"column":25},"end":{"line":37,"column":null}}]},"1":{"loc":{"start":{"line":57,"column":19},"end":{"line":57,"column":40}},"type":"binary-expr","locations":[{"start":{"line":57,"column":19},"end":{"line":57,"column":40}},{"start":{"line":57,"column":44},"end":{"line":57,"column":77}}]}},"s":{"0":1,"1":1,"2":1,"3":1,"4":1,"5":1,"6":1,"7":1,"8":1,"9":1,"10":1,"11":1,"12":1,"13":10,"14":1,"15":1,"16":10,"17":19,"18":10,"19":10,"20":1,"21":1,"22":1,"23":1},"f":{"0":1,"1":1,"2":1,"3":10,"4":10,"5":19},"b":{"0":[1],"1":[10,8]}}
,"E:\\www\\rocketseat\\git\\gobarber-2-backend\\src\\modules\\appointments\\services\\ListProviderMonthAvailabilityService.ts": {"path":"E:\\www\\rocketseat\\git\\gobarber-2-backend\\src\\modules\\appointments\\services\\ListProviderMonthAvailabilityService.ts","statementMap":{"0":{"start":{"line":2,"column":0},"end":{"line":2,"column":51}},"1":{"start":{"line":3,"column":0},"end":{"line":3,"column":46}},"2":{"start":{"line":17,"column":0},"end":{"line":17,"column":6}},"3":{"start":{"line":20,"column":12},"end":{"line":20,"column":59}},"4":{"start":{"line":23,"column":15},"end":{"line":55,"column":null}},"5":{"start":{"line":24,"column":4},"end":{"line":24,"column":15}},"6":{"start":{"line":25,"column":4},"end":{"line":25,"column":9}},"7":{"start":{"line":26,"column":4},"end":{"line":26,"column":8}},"8":{"start":{"line":28,"column":25},"end":{"line":34,"column":null}},"9":{"start":{"line":28,"column":10},"end":{"line":34,"column":null}},"10":{"start":{"line":36,"column":10},"end":{"line":36,"column":74}},"11":{"start":{"line":38,"column":10},"end":{"line":41,"column":6}},"12":{"start":{"line":40,"column":20},"end":{"line":40,"column":null}},"13":{"start":{"line":43,"column":10},"end":{"line":52,"column":7}},"14":{"start":{"line":44,"column":32},"end":{"line":46,"column":8}},"15":{"start":{"line":45,"column":8},"end":{"line":45,"column":49}},"16":{"start":{"line":48,"column":6},"end":{"line":51,"column":8}},"17":{"start":{"line":54,"column":4},"end":{"line":54,"column":24}},"18":{"start":{"line":17,"column":6},"end":{"line":56,"column":null}},"19":{"start":{"line":56,"column":0},"end":{"line":56,"column":null}},"20":{"start":{"line":58,"column":0},"end":{"line":58,"column":52}}},"fnMap":{"0":{"name":"(anonymous_17)","decl":{"start":{"line":17,"column":0},"end":{"line":17,"column":6}},"loc":{"start":{"line":17,"column":0},"end":{"line":17,"column":6}}},"1":{"name":"ListProviderMonthAvailabilityService","decl":{"start":{"line":18,"column":2},"end":{"line":18,"column":null}},"loc":{"start":{"line":20,"column":59},"end":{"line":21,"column":6}}},"2":{"name":"(anonymous_19)","decl":{"start":{"line":23,"column":2},"end":{"line":23,"column":15}},"loc":{"start":{"line":27,"column":13},"end":{"line":55,"column":null}}},"3":{"name":"(anonymous_22)","decl":{"start":{"line":40,"column":6},"end":{"line":40,"column":7}},"loc":{"start":{"line":40,"column":15},"end":{"line":40,"column":25}}},"4":{"name":"(anonymous_23)","decl":{"start":{"line":43,"column":42},"end":{"line":43,"column":45}},"loc":{"start":{"line":43,"column":45},"end":{"line":52,"column":5}}},"5":{"name":"(anonymous_24)","decl":{"start":{"line":44,"column":52},"end":{"line":44,"column":63}},"loc":{"start":{"line":44,"column":63},"end":{"line":46,"column":7}}}},"branchMap":{"0":{"loc":{"start":{"line":28,"column":25},"end":{"line":34,"column":null}},"type":"switch","locations":[{"start":{"line":28,"column":25},"end":{"line":34,"column":null}}]}},"s":{"0":1,"1":1,"2":1,"3":1,"4":1,"5":1,"6":1,"7":1,"8":1,"9":1,"10":1,"11":1,"12":31,"13":1,"14":31,"15":341,"16":31,"17":1,"18":1,"19":1,"20":1},"f":{"0":1,"1":1,"2":1,"3":31,"4":31,"5":341},"b":{"0":[1]}}
,"E:\\www\\rocketseat\\git\\gobarber-2-backend\\src\\modules\\appointments\\services\\ListProvidersService.ts": {"path":"E:\\www\\rocketseat\\git\\gobarber-2-backend\\src\\modules\\appointments\\services\\ListProvidersService.ts","statementMap":{"0":{"start":{"line":3,"column":0},"end":{"line":3,"column":46}},"1":{"start":{"line":10,"column":0},"end":{"line":10,"column":6}},"2":{"start":{"line":13,"column":12},"end":{"line":13,"column":45}},"3":{"start":{"line":16,"column":15},"end":{"line":22,"column":null}},"4":{"start":{"line":16,"column":25},"end":{"line":16,"column":32}},"5":{"start":{"line":17,"column":18},"end":{"line":19,"column":null}},"6":{"start":{"line":17,"column":10},"end":{"line":19,"column":null}},"7":{"start":{"line":21,"column":4},"end":{"line":21,"column":17}},"8":{"start":{"line":10,"column":6},"end":{"line":23,"column":null}},"9":{"start":{"line":23,"column":0},"end":{"line":23,"column":null}},"10":{"start":{"line":25,"column":0},"end":{"line":25,"column":36}}},"fnMap":{"0":{"name":"(anonymous_17)","decl":{"start":{"line":10,"column":0},"end":{"line":10,"column":6}},"loc":{"start":{"line":10,"column":0},"end":{"line":10,"column":6}}},"1":{"name":"ListProvidersService","decl":{"start":{"line":11,"column":2},"end":{"line":11,"column":null}},"loc":{"start":{"line":13,"column":45},"end":{"line":14,"column":6}}},"2":{"name":"(anonymous_19)","decl":{"start":{"line":16,"column":2},"end":{"line":16,"column":15}},"loc":{"start":{"line":16,"column":44},"end":{"line":22,"column":null}}}},"branchMap":{"0":{"loc":{"start":{"line":17,"column":18},"end":{"line":19,"column":null}},"type":"switch","locations":[{"start":{"line":17,"column":18},"end":{"line":19,"column":null}}]}},"s":{"0":1,"1":1,"2":1,"3":1,"4":1,"5":1,"6":1,"7":1,"8":1,"9":1,"10":1},"f":{"0":1,"1":1,"2":1},"b":{"0":[1]}}
,"E:\\www\\rocketseat\\git\\gobarber-2-backend\\src\\modules\\users\\services\\AuthenticateUserService.ts": {"path":"E:\\www\\rocketseat\\git\\gobarber-2-backend\\src\\modules\\users\\services\\AuthenticateUserService.ts","statementMap":{"0":{"start":{"line":1,"column":0},"end":{"line":1,"column":38}},"1":{"start":{"line":5,"column":0},"end":{"line":5,"column":47}},"2":{"start":{"line":6,"column":0},"end":{"line":6,"column":36}},"3":{"start":{"line":7,"column":0},"end":{"line":7,"column":46}},"4":{"start":{"line":20,"column":0},"end":{"line":20,"column":6}},"5":{"start":{"line":23,"column":12},"end":{"line":23,"column":45}},"6":{"start":{"line":26,"column":12},"end":{"line":26,"column":39}},"7":{"start":{"line":29,"column":15},"end":{"line":53,"column":null}},"8":{"start":{"line":29,"column":25},"end":{"line":29,"column":30}},"9":{"start":{"line":29,"column":32},"end":{"line":29,"column":40}},"10":{"start":{"line":30,"column":17},"end":{"line":30,"column":null}},"11":{"start":{"line":30,"column":10},"end":{"line":30,"column":null}},"12":{"start":{"line":32,"column":4},"end":{"line":34,"column":null}},"13":{"start":{"line":33,"column":6},"end":{"line":33,"column":70}},"14":{"start":{"line":36,"column":28},"end":{"line":39,"column":null}},"15":{"start":{"line":36,"column":10},"end":{"line":39,"column":null}},"16":{"start":{"line":41,"column":4},"end":{"line":43,"column":null}},"17":{"start":{"line":42,"column":6},"end":{"line":42,"column":70}},"18":{"start":{"line":45,"column":10},"end":{"line":45,"column":34}},"19":{"start":{"line":47,"column":10},"end":{"line":50,"column":7}},"20":{"start":{"line":52,"column":4},"end":{"line":52,"column":27}},"21":{"start":{"line":20,"column":6},"end":{"line":54,"column":null}},"22":{"start":{"line":54,"column":0},"end":{"line":54,"column":null}},"23":{"start":{"line":56,"column":0},"end":{"line":56,"column":39}}},"fnMap":{"0":{"name":"(anonymous_18)","decl":{"start":{"line":20,"column":0},"end":{"line":20,"column":6}},"loc":{"start":{"line":20,"column":0},"end":{"line":20,"column":6}}},"1":{"name":"AuthenticateUserService","decl":{"start":{"line":21,"column":2},"end":{"line":21,"column":null}},"loc":{"start":{"line":26,"column":39},"end":{"line":27,"column":6}}},"2":{"name":"(anonymous_20)","decl":{"start":{"line":29,"column":2},"end":{"line":29,"column":15}},"loc":{"start":{"line":29,"column":52},"end":{"line":53,"column":null}}}},"branchMap":{"0":{"loc":{"start":{"line":30,"column":17},"end":{"line":30,"column":null}},"type":"switch","locations":[{"start":{"line":30,"column":17},"end":{"line":30,"column":null}}]},"1":{"loc":{"start":{"line":32,"column":4},"end":{"line":34,"column":null}},"type":"if","locations":[{"start":{"line":32,"column":4},"end":{"line":34,"column":null}},{"start":{"line":32,"column":4},"end":{"line":34,"column":null}}]},"2":{"loc":{"start":{"line":41,"column":4},"end":{"line":43,"column":null}},"type":"if","locations":[{"start":{"line":41,"column":4},"end":{"line":43,"column":null}},{"start":{"line":41,"column":4},"end":{"line":43,"column":null}}]}},"s":{"0":1,"1":1,"2":1,"3":1,"4":1,"5":3,"6":3,"7":1,"8":3,"9":3,"10":3,"11":3,"12":3,"13":1,"14":2,"15":2,"16":2,"17":1,"18":1,"19":1,"20":1,"21":1,"22":1,"23":1},"f":{"0":1,"1":3,"2":3},"b":{"0":[3],"1":[1,2],"2":[1,1]}}
,"E:\\www\\rocketseat\\git\\gobarber-2-backend\\src\\modules\\users\\services\\CreateUserService.ts": {"path":"E:\\www\\rocketseat\\git\\gobarber-2-backend\\src\\modules\\users\\services\\CreateUserService.ts","statementMap":{"0":{"start":{"line":4,"column":0},"end":{"line":4,"column":47}},"1":{"start":{"line":5,"column":0},"end":{"line":5,"column":46}},"2":{"start":{"line":14,"column":0},"end":{"line":14,"column":6}},"3":{"start":{"line":17,"column":12},"end":{"line":17,"column":45}},"4":{"start":{"line":20,"column":12},"end":{"line":20,"column":39}},"5":{"start":{"line":23,"column":15},"end":{"line":39,"column":null}},"6":{"start":{"line":23,"column":25},"end":{"line":23,"column":29}},"7":{"start":{"line":23,"column":31},"end":{"line":23,"column":36}},"8":{"start":{"line":23,"column":38},"end":{"line":23,"column":46}},"9":{"start":{"line":24,"column":28},"end":{"line":24,"column":null}},"10":{"start":{"line":24,"column":10},"end":{"line":24,"column":null}},"11":{"start":{"line":26,"column":4},"end":{"line":28,"column":null}},"12":{"start":{"line":27,"column":6},"end":{"line":27,"column":55}},"13":{"start":{"line":30,"column":27},"end":{"line":30,"column":null}},"14":{"start":{"line":30,"column":10},"end":{"line":30,"column":null}},"15":{"start":{"line":32,"column":17},"end":{"line":36,"column":null}},"16":{"start":{"line":32,"column":10},"end":{"line":36,"column":null}},"17":{"start":{"line":38,"column":4},"end":{"line":38,"column":16}},"18":{"start":{"line":14,"column":6},"end":{"line":40,"column":null}},"19":{"start":{"line":40,"column":0},"end":{"line":40,"column":null}},"20":{"start":{"line":42,"column":0},"end":{"line":42,"column":33}}},"fnMap":{"0":{"name":"(anonymous_18)","decl":{"start":{"line":14,"column":0},"end":{"line":14,"column":6}},"loc":{"start":{"line":14,"column":0},"end":{"line":14,"column":6}}},"1":{"name":"CreateUserService","decl":{"start":{"line":15,"column":2},"end":{"line":15,"column":null}},"loc":{"start":{"line":20,"column":39},"end":{"line":21,"column":6}}},"2":{"name":"(anonymous_20)","decl":{"start":{"line":23,"column":2},"end":{"line":23,"column":15}},"loc":{"start":{"line":23,"column":58},"end":{"line":39,"column":null}}}},"branchMap":{"0":{"loc":{"start":{"line":24,"column":28},"end":{"line":24,"column":null}},"type":"switch","locations":[{"start":{"line":24,"column":28},"end":{"line":24,"column":null}}]},"1":{"loc":{"start":{"line":26,"column":4},"end":{"line":28,"column":null}},"type":"if","locations":[{"start":{"line":26,"column":4},"end":{"line":28,"column":null}},{"start":{"line":26,"column":4},"end":{"line":28,"column":null}}]}},"s":{"0":2,"1":2,"2":2,"3":5,"4":5,"5":2,"6":5,"7":5,"8":5,"9":5,"10":5,"11":5,"12":1,"13":4,"14":4,"15":4,"16":4,"17":4,"18":2,"19":2,"20":2},"f":{"0":2,"1":5,"2":5},"b":{"0":[5],"1":[1,4]}}
,"E:\\www\\rocketseat\\git\\gobarber-2-backend\\src\\modules\\users\\services\\ResetPasswordService.ts": {"path":"E:\\www\\rocketseat\\git\\gobarber-2-backend\\src\\modules\\users\\services\\ResetPasswordService.ts","statementMap":{"0":{"start":{"line":4,"column":0},"end":{"line":4,"column":47}},"1":{"start":{"line":5,"column":0},"end":{"line":5,"column":45}},"2":{"start":{"line":6,"column":0},"end":{"line":6,"column":46}},"3":{"start":{"line":14,"column":0},"end":{"line":14,"column":6}},"4":{"start":{"line":17,"column":12},"end":{"line":17,"column":45}},"5":{"start":{"line":20,"column":12},"end":{"line":20,"column":55}},"6":{"start":{"line":23,"column":12},"end":{"line":23,"column":39}},"7":{"start":{"line":26,"column":15},"end":{"line":48,"column":null}},"8":{"start":{"line":26,"column":25},"end":{"line":26,"column":30}},"9":{"start":{"line":26,"column":32},"end":{"line":26,"column":40}},"10":{"start":{"line":27,"column":22},"end":{"line":27,"column":null}},"11":{"start":{"line":27,"column":10},"end":{"line":27,"column":null}},"12":{"start":{"line":29,"column":4},"end":{"line":31,"column":null}},"13":{"start":{"line":30,"column":6},"end":{"line":30,"column":55}},"14":{"start":{"line":32,"column":17},"end":{"line":32,"column":null}},"15":{"start":{"line":32,"column":10},"end":{"line":32,"column":null}},"16":{"start":{"line":34,"column":4},"end":{"line":36,"column":null}},"17":{"start":{"line":35,"column":6},"end":{"line":35,"column":49}},"18":{"start":{"line":38,"column":10},"end":{"line":38,"column":48}},"19":{"start":{"line":39,"column":10},"end":{"line":39,"column":52}},"20":{"start":{"line":41,"column":4},"end":{"line":43,"column":null}},"21":{"start":{"line":42,"column":6},"end":{"line":42,"column":42}},"22":{"start":{"line":45,"column":4},"end":{"line":45,"column":9}},"23":{"start":{"line":45,"column":20},"end":{"line":45,"column":67}},"24":{"start":{"line":45,"column":4},"end":{"line":45,"column":67}},"25":{"start":{"line":47,"column":4},"end":{"line":47,"column":42}},"26":{"start":{"line":14,"column":6},"end":{"line":49,"column":null}},"27":{"start":{"line":49,"column":0},"end":{"line":49,"column":null}},"28":{"start":{"line":51,"column":0},"end":{"line":51,"column":36}}},"fnMap":{"0":{"name":"(anonymous_18)","decl":{"start":{"line":14,"column":0},"end":{"line":14,"column":6}},"loc":{"start":{"line":14,"column":0},"end":{"line":14,"column":6}}},"1":{"name":"ResetPasswordService","decl":{"start":{"line":15,"column":2},"end":{"line":15,"column":null}},"loc":{"start":{"line":23,"column":39},"end":{"line":24,"column":6}}},"2":{"name":"(anonymous_20)","decl":{"start":{"line":26,"column":2},"end":{"line":26,"column":15}},"loc":{"start":{"line":26,"column":52},"end":{"line":48,"column":null}}}},"branchMap":{"0":{"loc":{"start":{"line":27,"column":22},"end":{"line":27,"column":null}},"type":"switch","locations":[{"start":{"line":27,"column":22},"end":{"line":27,"column":null}}]},"1":{"loc":{"start":{"line":29,"column":4},"end":{"line":31,"column":null}},"type":"if","locations":[{"start":{"line":29,"column":4},"end":{"line":31,"column":null}},{"start":{"line":29,"column":4},"end":{"line":31,"column":null}}]},"2":{"loc":{"start":{"line":34,"column":4},"end":{"line":36,"column":null}},"type":"if","locations":[{"start":{"line":34,"column":4},"end":{"line":36,"column":null}},{"start":{"line":34,"column":4},"end":{"line":36,"column":null}}]},"3":{"loc":{"start":{"line":41,"column":4},"end":{"line":43,"column":null}},"type":"if","locations":[{"start":{"line":41,"column":4},"end":{"line":43,"column":null}},{"start":{"line":41,"column":4},"end":{"line":43,"column":null}}]}},"s":{"0":1,"1":1,"2":1,"3":1,"4":4,"5":4,"6":4,"7":1,"8":4,"9":4,"10":4,"11":4,"12":4,"13":1,"14":3,"15":3,"16":3,"17":1,"18":2,"19":2,"20":2,"21":1,"22":1,"23":1,"24":1,"25":2,"26":1,"27":1,"28":1},"f":{"0":1,"1":4,"2":4},"b":{"0":[4],"1":[1,3],"2":[1,2],"3":[1,1]}}
,"E:\\www\\rocketseat\\git\\gobarber-2-backend\\src\\modules\\users\\services\\SendForgotPasswordEmailService.ts": {"path":"E:\\www\\rocketseat\\git\\gobarber-2-backend\\src\\modules\\users\\services\\SendForgotPasswordEmailService.ts","statementMap":{"0":{"start":{"line":4,"column":0},"end":{"line":4,"column":47}},"1":{"start":{"line":5,"column":0},"end":{"line":5,"column":31}},"2":{"start":{"line":6,"column":0},"end":{"line":6,"column":46}},"3":{"start":{"line":13,"column":0},"end":{"line":13,"column":6}},"4":{"start":{"line":16,"column":12},"end":{"line":16,"column":45}},"5":{"start":{"line":19,"column":12},"end":{"line":19,"column":39}},"6":{"start":{"line":22,"column":12},"end":{"line":22,"column":55}},"7":{"start":{"line":25,"column":15},"end":{"line":55,"column":null}},"8":{"start":{"line":25,"column":25},"end":{"line":25,"column":30}},"9":{"start":{"line":26,"column":17},"end":{"line":26,"column":null}},"10":{"start":{"line":26,"column":10},"end":{"line":26,"column":null}},"11":{"start":{"line":28,"column":4},"end":{"line":30,"column":null}},"12":{"start":{"line":29,"column":6},"end":{"line":29,"column":50}},"13":{"start":{"line":32,"column":22},"end":{"line":32,"column":null}},"14":{"start":{"line":32,"column":12},"end":{"line":32,"column":22}},"15":{"start":{"line":34,"column":10},"end":{"line":39,"column":6}},"16":{"start":{"line":41,"column":4},"end":{"line":54,"column":7}},"17":{"start":{"line":13,"column":6},"end":{"line":56,"column":null}},"18":{"start":{"line":56,"column":0},"end":{"line":56,"column":null}},"19":{"start":{"line":58,"column":0},"end":{"line":58,"column":46}}},"fnMap":{"0":{"name":"(anonymous_18)","decl":{"start":{"line":13,"column":0},"end":{"line":13,"column":6}},"loc":{"start":{"line":13,"column":0},"end":{"line":13,"column":6}}},"1":{"name":"SendForgotPasswordEmailService","decl":{"start":{"line":14,"column":2},"end":{"line":14,"column":null}},"loc":{"start":{"line":22,"column":55},"end":{"line":23,"column":6}}},"2":{"name":"(anonymous_20)","decl":{"start":{"line":25,"column":2},"end":{"line":25,"column":15}},"loc":{"start":{"line":25,"column":42},"end":{"line":55,"column":null}}}},"branchMap":{"0":{"loc":{"start":{"line":26,"column":17},"end":{"line":26,"column":null}},"type":"switch","locations":[{"start":{"line":26,"column":17},"end":{"line":26,"column":null}}]},"1":{"loc":{"start":{"line":28,"column":4},"end":{"line":30,"column":null}},"type":"if","locations":[{"start":{"line":28,"column":4},"end":{"line":30,"column":null}},{"start":{"line":28,"column":4},"end":{"line":30,"column":null}}]}},"s":{"0":1,"1":1,"2":1,"3":1,"4":3,"5":3,"6":3,"7":1,"8":3,"9":3,"10":3,"11":3,"12":1,"13":2,"14":2,"15":2,"16":4,"17":1,"18":1,"19":1},"f":{"0":1,"1":3,"2":3},"b":{"0":[3],"1":[1,2]}}
,"E:\\www\\rocketseat\\git\\gobarber-2-backend\\src\\modules\\users\\services\\ShowProfileService.ts": {"path":"E:\\www\\rocketseat\\git\\gobarber-2-backend\\src\\modules\\users\\services\\ShowProfileService.ts","statementMap":{"0":{"start":{"line":3,"column":0},"end":{"line":3,"column":47}},"1":{"start":{"line":4,"column":0},"end":{"line":4,"column":46}},"2":{"start":{"line":11,"column":0},"end":{"line":11,"column":6}},"3":{"start":{"line":14,"column":12},"end":{"line":14,"column":45}},"4":{"start":{"line":17,"column":15},"end":{"line":25,"column":null}},"5":{"start":{"line":17,"column":25},"end":{"line":17,"column":32}},"6":{"start":{"line":18,"column":17},"end":{"line":18,"column":null}},"7":{"start":{"line":18,"column":10},"end":{"line":18,"column":null}},"8":{"start":{"line":20,"column":4},"end":{"line":22,"column":null}},"9":{"start":{"line":21,"column":6},"end":{"line":21,"column":43}},"10":{"start":{"line":24,"column":4},"end":{"line":24,"column":16}},"11":{"start":{"line":11,"column":6},"end":{"line":26,"column":null}},"12":{"start":{"line":26,"column":0},"end":{"line":26,"column":null}},"13":{"start":{"line":28,"column":0},"end":{"line":28,"column":34}}},"fnMap":{"0":{"name":"(anonymous_18)","decl":{"start":{"line":11,"column":0},"end":{"line":11,"column":6}},"loc":{"start":{"line":11,"column":0},"end":{"line":11,"column":6}}},"1":{"name":"ShowProfileService","decl":{"start":{"line":12,"column":2},"end":{"line":12,"column":null}},"loc":{"start":{"line":14,"column":45},"end":{"line":15,"column":6}}},"2":{"name":"(anonymous_20)","decl":{"start":{"line":17,"column":2},"end":{"line":17,"column":15}},"loc":{"start":{"line":17,"column":44},"end":{"line":25,"column":null}}}},"branchMap":{"0":{"loc":{"start":{"line":18,"column":17},"end":{"line":18,"column":null}},"type":"switch","locations":[{"start":{"line":18,"column":17},"end":{"line":18,"column":null}}]},"1":{"loc":{"start":{"line":20,"column":4},"end":{"line":22,"column":null}},"type":"if","locations":[{"start":{"line":20,"column":4},"end":{"line":22,"column":null}},{"start":{"line":20,"column":4},"end":{"line":22,"column":null}}]}},"s":{"0":1,"1":1,"2":1,"3":2,"4":1,"5":2,"6":2,"7":2,"8":2,"9":1,"10":1,"11":1,"12":1,"13":1},"f":{"0":1,"1":2,"2":2},"b":{"0":[2],"1":[1,1]}}
,"E:\\www\\rocketseat\\git\\gobarber-2-backend\\src\\modules\\users\\services\\UpdateProfileService.ts": {"path":"E:\\www\\rocketseat\\git\\gobarber-2-backend\\src\\modules\\users\\services\\UpdateProfileService.ts","statementMap":{"0":{"start":{"line":4,"column":0},"end":{"line":4,"column":47}},"1":{"start":{"line":5,"column":0},"end":{"line":5,"column":46}},"2":{"start":{"line":16,"column":0},"end":{"line":16,"column":6}},"3":{"start":{"line":19,"column":12},"end":{"line":19,"column":45}},"4":{"start":{"line":22,"column":12},"end":{"line":22,"column":39}},"5":{"start":{"line":25,"column":15},"end":{"line":66,"column":null}},"6":{"start":{"line":26,"column":4},"end":{"line":26,"column":11}},"7":{"start":{"line":27,"column":4},"end":{"line":27,"column":8}},"8":{"start":{"line":28,"column":4},"end":{"line":28,"column":9}},"9":{"start":{"line":29,"column":4},"end":{"line":29,"column":16}},"10":{"start":{"line":30,"column":4},"end":{"line":30,"column":12}},"11":{"start":{"line":32,"column":17},"end":{"line":32,"column":null}},"12":{"start":{"line":32,"column":10},"end":{"line":32,"column":null}},"13":{"start":{"line":34,"column":4},"end":{"line":36,"column":null}},"14":{"start":{"line":35,"column":6},"end":{"line":35,"column":43}},"15":{"start":{"line":38,"column":33},"end":{"line":38,"column":null}},"16":{"start":{"line":38,"column":10},"end":{"line":38,"column":null}},"17":{"start":{"line":40,"column":4},"end":{"line":42,"column":null}},"18":{"start":{"line":41,"column":6},"end":{"line":41,"column":50}},"19":{"start":{"line":44,"column":4},"end":{"line":44,"column":21}},"20":{"start":{"line":45,"column":4},"end":{"line":45,"column":23}},"21":{"start":{"line":47,"column":4},"end":{"line":51,"column":null}},"22":{"start":{"line":48,"column":6},"end":{"line":50,"column":8}},"23":{"start":{"line":53,"column":8},"end":{"line":53,"column":16}},"24":{"start":{"line":54,"column":31},"end":{"line":57,"column":null}},"25":{"start":{"line":54,"column":12},"end":{"line":57,"column":null}},"26":{"start":{"line":59,"column":6},"end":{"line":61,"column":null}},"27":{"start":{"line":60,"column":8},"end":{"line":60,"column":58}},"28":{"start":{"line":63,"column":6},"end":{"line":63,"column":11}},"29":{"start":{"line":63,"column":22},"end":{"line":63,"column":69}},"30":{"start":{"line":63,"column":6},"end":{"line":63,"column":69}},"31":{"start":{"line":65,"column":4},"end":{"line":65,"column":43}},"32":{"start":{"line":16,"column":6},"end":{"line":67,"column":null}},"33":{"start":{"line":67,"column":0},"end":{"line":67,"column":null}},"34":{"start":{"line":69,"column":0},"end":{"line":69,"column":36}}},"fnMap":{"0":{"name":"(anonymous_18)","decl":{"start":{"line":16,"column":0},"end":{"line":16,"column":6}},"loc":{"start":{"line":16,"column":0},"end":{"line":16,"column":6}}},"1":{"name":"UpdateProfileService","decl":{"start":{"line":17,"column":2},"end":{"line":17,"column":null}},"loc":{"start":{"line":22,"column":39},"end":{"line":23,"column":6}}},"2":{"name":"(anonymous_20)","decl":{"start":{"line":25,"column":2},"end":{"line":25,"column":15}},"loc":{"start":{"line":31,"column":13},"end":{"line":66,"column":null}}}},"branchMap":{"0":{"loc":{"start":{"line":32,"column":17},"end":{"line":32,"column":null}},"type":"switch","locations":[{"start":{"line":32,"column":17},"end":{"line":32,"column":null}},{"start":{"line":65,"column":4},"end":{"line":65,"column":43}}]},"1":{"loc":{"start":{"line":34,"column":4},"end":{"line":36,"column":null}},"type":"if","locations":[{"start":{"line":34,"column":4},"end":{"line":36,"column":null}},{"start":{"line":34,"column":4},"end":{"line":36,"column":null}}]},"2":{"loc":{"start":{"line":40,"column":4},"end":{"line":42,"column":null}},"type":"if","locations":[{"start":{"line":40,"column":4},"end":{"line":42,"column":null}},{"start":{"line":40,"column":4},"end":{"line":42,"column":null}}]},"3":{"loc":{"start":{"line":40,"column":8},"end":{"line":40,"column":28}},"type":"binary-expr","locations":[{"start":{"line":40,"column":8},"end":{"line":40,"column":28}},{"start":{"line":40,"column":32},"end":{"line":40,"column":67}}]},"4":{"loc":{"start":{"line":47,"column":4},"end":{"line":51,"column":null}},"type":"if","locations":[{"start":{"line":47,"column":4},"end":{"line":51,"column":null}},{"start":{"line":47,"column":4},"end":{"line":51,"column":null}}]},"5":{"loc":{"start":{"line":47,"column":8},"end":{"line":47,"column":16}},"type":"binary-expr","locations":[{"start":{"line":47,"column":8},"end":{"line":47,"column":16}},{"start":{"line":47,"column":20},"end":{"line":47,"column":33}}]},"6":{"loc":{"start":{"line":53,"column":8},"end":{"line":53,"column":16}},"type":"if","locations":[{"start":{"line":53,"column":8},"end":{"line":53,"column":16}},{"start":{"line":53,"column":8},"end":{"line":53,"column":16}}]},"7":{"loc":{"start":{"line":53,"column":8},"end":{"line":53,"column":16}},"type":"binary-expr","locations":[{"start":{"line":53,"column":8},"end":{"line":53,"column":16}},{"start":{"line":53,"column":20},"end":{"line":53,"column":32}}]},"8":{"loc":{"start":{"line":59,"column":6},"end":{"line":61,"column":null}},"type":"if","locations":[{"start":{"line":59,"column":6},"end":{"line":61,"column":null}},{"start":{"line":59,"column":6},"end":{"line":61,"column":null}}]}},"s":{"0":1,"1":1,"2":1,"3":6,"4":6,"5":1,"6":6,"7":6,"8":6,"9":6,"10":6,"11":6,"12":6,"13":6,"14":1,"15":5,"16":5,"17":5,"18":1,"19":4,"20":4,"21":4,"22":1,"23":4,"24":2,"25":2,"26":2,"27":1,"28":1,"29":1,"30":1,"31":2,"32":1,"33":1,"34":1},"f":{"0":1,"1":6,"2":6},"b":{"0":[6,2],"1":[1,5],"2":[1,4],"3":[5,1],"4":[1,3],"5":[4,3],"6":[1,2],"7":[3,2],"8":[1,1]}}
,"E:\\www\\rocketseat\\git\\gobarber-2-backend\\src\\modules\\users\\services\\UpdateUserAvatarService.ts": {"path":"E:\\www\\rocketseat\\git\\gobarber-2-backend\\src\\modules\\users\\services\\UpdateUserAvatarService.ts","statementMap":{"0":{"start":{"line":4,"column":0},"end":{"line":4,"column":47}},"1":{"start":{"line":5,"column":0},"end":{"line":5,"column":46}},"2":{"start":{"line":13,"column":0},"end":{"line":13,"column":6}},"3":{"start":{"line":16,"column":12},"end":{"line":16,"column":45}},"4":{"start":{"line":19,"column":12},"end":{"line":19,"column":45}},"5":{"start":{"line":22,"column":15},"end":{"line":39,"column":null}},"6":{"start":{"line":22,"column":25},"end":{"line":22,"column":32}},"7":{"start":{"line":22,"column":34},"end":{"line":22,"column":48}},"8":{"start":{"line":23,"column":17},"end":{"line":23,"column":null}},"9":{"start":{"line":23,"column":10},"end":{"line":23,"column":null}},"10":{"start":{"line":25,"column":4},"end":{"line":27,"column":null}},"11":{"start":{"line":26,"column":6},"end":{"line":26,"column":76}},"12":{"start":{"line":29,"column":8},"end":{"line":29,"column":12}},"13":{"start":{"line":30,"column":6},"end":{"line":30,"column":57}},"14":{"start":{"line":33,"column":21},"end":{"line":33,"column":null}},"15":{"start":{"line":33,"column":10},"end":{"line":33,"column":null}},"16":{"start":{"line":35,"column":4},"end":{"line":35,"column":27}},"17":{"start":{"line":36,"column":4},"end":{"line":36,"column":42}},"18":{"start":{"line":38,"column":4},"end":{"line":38,"column":16}},"19":{"start":{"line":13,"column":6},"end":{"line":40,"column":null}},"20":{"start":{"line":40,"column":0},"end":{"line":40,"column":null}},"21":{"start":{"line":42,"column":0},"end":{"line":42,"column":39}}},"fnMap":{"0":{"name":"(anonymous_18)","decl":{"start":{"line":13,"column":0},"end":{"line":13,"column":6}},"loc":{"start":{"line":13,"column":0},"end":{"line":13,"column":6}}},"1":{"name":"UpdateUserAvatarService","decl":{"start":{"line":14,"column":2},"end":{"line":14,"column":null}},"loc":{"start":{"line":19,"column":45},"end":{"line":20,"column":6}}},"2":{"name":"(anonymous_20)","decl":{"start":{"line":22,"column":2},"end":{"line":22,"column":15}},"loc":{"start":{"line":22,"column":60},"end":{"line":39,"column":null}}}},"branchMap":{"0":{"loc":{"start":{"line":23,"column":17},"end":{"line":23,"column":null}},"type":"switch","locations":[{"start":{"line":23,"column":17},"end":{"line":23,"column":null}},{"start":{"line":33,"column":21},"end":{"line":33,"column":null}}]},"1":{"loc":{"start":{"line":25,"column":4},"end":{"line":27,"column":null}},"type":"if","locations":[{"start":{"line":25,"column":4},"end":{"line":27,"column":null}},{"start":{"line":25,"column":4},"end":{"line":27,"column":null}}]},"2":{"loc":{"start":{"line":29,"column":8},"end":{"line":29,"column":12}},"type":"if","locations":[{"start":{"line":29,"column":8},"end":{"line":29,"column":12}},{"start":{"line":29,"column":8},"end":{"line":29,"column":12}}]}},"s":{"0":1,"1":1,"2":1,"3":3,"4":3,"5":1,"6":4,"7":4,"8":4,"9":4,"10":4,"11":1,"12":5,"13":2,"14":3,"15":3,"16":3,"17":6,"18":3,"19":1,"20":1,"21":1},"f":{"0":1,"1":3,"2":4},"b":{"0":[4,3],"1":[1,3],"2":[2,1]}}
}
